# JRE version: Java(TM) SE Runtime Environment (13.0+33) (build 13+33)
# Java VM: Java HotSpot(TM) 64-Bit Server VM (13+33, mixed mode, sharing, tiered, compressed oops, g1 gc, windows-amd64)
Heap:
 garbage-first heap   total 163840K, used 71355K [0x00000000f0000000, 0x0000000100000000)
  region size 1024K, 3 young (3072K), 2 survivors (2048K)
 Metaspace       used 47366K, capacity 50603K, committed 50864K, reserved 1093632K
  class space    used 6442K, capacity 7587K, committed 7680K, reserved 1048576K
GC Heap History (20 events):
Event: 106.180 GC heap before
{Heap before GC invocations=64 (full 1):
 garbage-first heap   total 157696K, used 70771K [0x00000000f0000000, 0x0000000100000000)
  region size 1024K, 8 young (8192K), 1 survivors (1024K)
 Metaspace       used 46677K, capacity 49851K, committed 50096K, reserved 1091584K
  class space    used 6432K, capacity 7577K, committed 7680K, reserved 1048576K
}
Event: 106.187 GC heap after
{Heap after GC invocations=65 (full 1):
 garbage-first heap   total 157696K, used 65419K [0x00000000f0000000, 0x0000000100000000)
  region size 1024K, 1 young (1024K), 1 survivors (1024K)
 Metaspace       used 46677K, capacity 49851K, committed 50096K, reserved 1091584K
  class space    used 6432K, capacity 7577K, committed 7680K, reserved 1048576K
}
Event: 122.348 GC heap before
{Heap before GC invocations=66 (full 1):
 garbage-first heap   total 157696K, used 146389K [0x00000000f0000000, 0x0000000100000000)
  region size 1024K, 39 young (39936K), 1 survivors (1024K)
 Metaspace       used 47129K, capacity 50344K, committed 50608K, reserved 1091584K
  class space    used 6439K, capacity 7587K, committed 7680K, reserved 1048576K
}
Event: 122.355 GC heap after
{Heap after GC invocations=67 (full 1):
 garbage-first heap   total 163840K, used 65000K [0x00000000f0000000, 0x0000000100000000)
  region size 1024K, 5 young (5120K), 5 survivors (5120K)
 Metaspace       used 47129K, capacity 50344K, committed 50608K, reserved 1091584K
  class space    used 6439K, capacity 7587K, committed 7680K, reserved 1048576K
}
Event: 122.405 GC heap before
{Heap before GC invocations=67 (full 1):
 garbage-first heap   total 163840K, used 68072K [0x00000000f0000000, 0x0000000100000000)
  region size 1024K, 8 young (8192K), 5 survivors (5120K)
 Metaspace       used 47130K, capacity 50344K, committed 50608K, reserved 1091584K
  class space    used 6439K, capacity 7587K, committed 7680K, reserved 1048576K
}
Event: 122.413 GC heap after
{Heap after GC invocations=68 (full 1):
 garbage-first heap   total 163840K, used 53383K [0x00000000f0000000, 0x0000000100000000)
  region size 1024K, 1 young (1024K), 1 survivors (1024K)
 Metaspace       used 47130K, capacity 50344K, committed 50608K, reserved 1091584K
  class space    used 6439K, capacity 7587K, committed 7680K, reserved 1048576K
}
Event: 122.592 GC heap before
{Heap before GC invocations=68 (full 1):
 garbage-first heap   total 163840K, used 103559K [0x00000000f0000000, 0x0000000100000000)
  region size 1024K, 37 young (37888K), 1 survivors (1024K)
 Metaspace       used 47148K, capacity 50344K, committed 50608K, reserved 1091584K
  class space    used 6439K, capacity 7587K, committed 7680K, reserved 1048576K
}
Event: 122.605 GC heap after
{Heap after GC invocations=69 (full 1):
 garbage-first heap   total 163840K, used 68576K [0x00000000f0000000, 0x0000000100000000)
  region size 1024K, 6 young (6144K), 6 survivors (6144K)
 Metaspace       used 47148K, capacity 50344K, committed 50608K, reserved 1091584K
  class space    used 6439K, capacity 7587K, committed 7680K, reserved 1048576K
}
Event: 131.560 GC heap before
{Heap before GC invocations=70 (full 1):
 garbage-first heap   total 163840K, used 83936K [0x00000000f0000000, 0x0000000100000000)
  region size 1024K, 13 young (13312K), 6 survivors (6144K)
 Metaspace       used 47185K, capacity 50345K, committed 50608K, reserved 1091584K
  class space    used 6439K, capacity 7587K, committed 7680K, reserved 1048576K
}
Event: 131.576 GC heap after
{Heap after GC invocations=71 (full 1):
 garbage-first heap   total 163840K, used 64530K [0x00000000f0000000, 0x0000000100000000)
  region size 1024K, 1 young (1024K), 1 survivors (1024K)
 Metaspace       used 47185K, capacity 50345K, committed 50608K, reserved 1091584K
  class space    used 6439K, capacity 7587K, committed 7680K, reserved 1048576K
}
Event: 142.489 GC heap before
{Heap before GC invocations=72 (full 1):
 garbage-first heap   total 163840K, used 83986K [0x00000000f0000000, 0x0000000100000000)
  region size 1024K, 9 young (9216K), 1 survivors (1024K)
 Metaspace       used 47226K, capacity 50409K, committed 50608K, reserved 1091584K
  class space    used 6439K, capacity 7587K, committed 7680K, reserved 1048576K
}
Event: 142.497 GC heap after
{Heap after GC invocations=73 (full 1):
 garbage-first heap   total 163840K, used 69805K [0x00000000f0000000, 0x0000000100000000)
  region size 1024K, 2 young (2048K), 2 survivors (2048K)
 Metaspace       used 47226K, capacity 50409K, committed 50608K, reserved 1091584K
  class space    used 6439K, capacity 7587K, committed 7680K, reserved 1048576K
}
Event: 179.591 GC heap before
{Heap before GC invocations=74 (full 1):
 garbage-first heap   total 163840K, used 93357K [0x00000000f0000000, 0x0000000100000000)
  region size 1024K, 22 young (22528K), 2 survivors (2048K)
 Metaspace       used 47328K, capacity 50539K, committed 50864K, reserved 1093632K
  class space    used 6442K, capacity 7587K, committed 7680K, reserved 1048576K
}
Event: 179.596 GC heap after
{Heap after GC invocations=75 (full 1):
 garbage-first heap   total 163840K, used 70633K [0x00000000f0000000, 0x0000000100000000)
  region size 1024K, 2 young (2048K), 2 survivors (2048K)
 Metaspace       used 47328K, capacity 50539K, committed 50864K, reserved 1093632K
  class space    used 6442K, capacity 7587K, committed 7680K, reserved 1048576K
}
Event: 184.364 GC heap before
{Heap before GC invocations=76 (full 1):
 garbage-first heap   total 163840K, used 90089K [0x00000000f0000000, 0x0000000100000000)
  region size 1024K, 8 young (8192K), 2 survivors (2048K)
 Metaspace       used 47347K, capacity 50603K, committed 50864K, reserved 1093632K
  class space    used 6442K, capacity 7587K, committed 7680K, reserved 1048576K
}
Event: 184.368 GC heap after
{Heap after GC invocations=77 (full 1):
 garbage-first heap   total 163840K, used 65251K [0x00000000f0000000, 0x0000000100000000)
  region size 1024K, 2 young (2048K), 2 survivors (2048K)
 Metaspace       used 47347K, capacity 50603K, committed 50864K, reserved 1093632K
  class space    used 6442K, capacity 7587K, committed 7680K, reserved 1048576K
}
Event: 186.763 GC heap before
{Heap before GC invocations=78 (full 1):
 garbage-first heap   total 163840K, used 83683K [0x00000000f0000000, 0x0000000100000000)
  region size 1024K, 7 young (7168K), 2 survivors (2048K)
 Metaspace       used 47348K, capacity 50603K, committed 50864K, reserved 1093632K
  class space    used 6442K, capacity 7587K, committed 7680K, reserved 1048576K
}
Event: 186.767 GC heap after
{Heap after GC invocations=79 (full 1):
 garbage-first heap   total 163840K, used 65206K [0x00000000f0000000, 0x0000000100000000)
  region size 1024K, 2 young (2048K), 2 survivors (2048K)
 Metaspace       used 47348K, capacity 50603K, committed 50864K, reserved 1093632K
  class space    used 6442K, capacity 7587K, committed 7680K, reserved 1048576K
}
Event: 200.381 GC heap before
{Heap before GC invocations=80 (full 1):
 garbage-first heap   total 163840K, used 97974K [0x00000000f0000000, 0x0000000100000000)
  region size 1024K, 11 young (11264K), 2 survivors (2048K)
 Metaspace       used 47366K, capacity 50603K, committed 50864K, reserved 1093632K
  class space    used 6442K, capacity 7587K, committed 7680K, reserved 1048576K
}
Event: 200.384 GC heap after
{Heap after GC invocations=81 (full 1):
 garbage-first heap   total 163840K, used 64187K [0x00000000f0000000, 0x0000000100000000)
  region size 1024K, 2 young (2048K), 2 survivors (2048K)
 Metaspace       used 47366K, capacity 50603K, committed 50864K, reserved 1093632K
  class space    used 6442K, capacity 7587K, committed 7680K, reserved 1048576K
}

