# JRE version: Java(TM) SE Runtime Environment (13.0+33) (build 13+33)
# Java VM: Java HotSpot(TM) 64-Bit Server VM (13+33, mixed mode, sharing, tiered, compressed oops, g1 gc, windows-amd64)
Heap:
 garbage-first heap   total 152576K, used 68751K [0x00000000f0000000, 0x0000000100000000)
  region size 1024K, 2 young (2048K), 1 survivors (1024K)
 Metaspace       used 47744K, capacity 50981K, committed 51580K, reserved 1093632K
  class space    used 6353K, capacity 7450K, committed 7628K, reserved 1048576K
GC Heap History (20 events):
Event: 266.318 GC heap before
{Heap before GC invocations=144 (full 4):
 garbage-first heap   total 142336K, used 65635K [0x00000000f0000000, 0x0000000100000000)
  region size 1024K, 5 young (5120K), 2 survivors (2048K)
 Metaspace       used 47677K, capacity 50853K, committed 51324K, reserved 1093632K
  class space    used 6353K, capacity 7450K, committed 7628K, reserved 1048576K
}
Event: 266.320 GC heap after
{Heap after GC invocations=145 (full 4):
 garbage-first heap   total 142336K, used 62603K [0x00000000f0000000, 0x0000000100000000)
  region size 1024K, 2 young (2048K), 2 survivors (2048K)
 Metaspace       used 47677K, capacity 50853K, committed 51324K, reserved 1093632K
  class space    used 6353K, capacity 7450K, committed 7628K, reserved 1048576K
}
Event: 267.769 GC heap before
{Heap before GC invocations=146 (full 4):
 garbage-first heap   total 142336K, used 64651K [0x00000000f0000000, 0x0000000100000000)
  region size 1024K, 4 young (4096K), 2 survivors (2048K)
 Metaspace       used 47677K, capacity 50853K, committed 51324K, reserved 1093632K
  class space    used 6353K, capacity 7450K, committed 7628K, reserved 1048576K
}
Event: 267.772 GC heap after
{Heap after GC invocations=147 (full 4):
 garbage-first heap   total 142336K, used 62678K [0x00000000f0000000, 0x0000000100000000)
  region size 1024K, 2 young (2048K), 2 survivors (2048K)
 Metaspace       used 47677K, capacity 50853K, committed 51324K, reserved 1093632K
  class space    used 6353K, capacity 7450K, committed 7628K, reserved 1048576K
}
Event: 268.348 GC heap before
{Heap before GC invocations=148 (full 4):
 garbage-first heap   total 142336K, used 75990K [0x00000000f0000000, 0x0000000100000000)
  region size 1024K, 4 young (4096K), 2 survivors (2048K)
 Metaspace       used 47677K, capacity 50853K, committed 51324K, reserved 1093632K
  class space    used 6353K, capacity 7450K, committed 7628K, reserved 1048576K
}
Event: 268.350 GC heap after
{Heap after GC invocations=149 (full 4):
 garbage-first heap   total 142336K, used 62788K [0x00000000f0000000, 0x0000000100000000)
  region size 1024K, 2 young (2048K), 2 survivors (2048K)
 Metaspace       used 47677K, capacity 50853K, committed 51324K, reserved 1093632K
  class space    used 6353K, capacity 7450K, committed 7628K, reserved 1048576K
}
Event: 271.997 GC heap before
{Heap before GC invocations=150 (full 4):
 garbage-first heap   total 142336K, used 67908K [0x00000000f0000000, 0x0000000100000000)
  region size 1024K, 8 young (8192K), 2 survivors (2048K)
 Metaspace       used 47685K, capacity 50853K, committed 51324K, reserved 1093632K
  class space    used 6353K, capacity 7450K, committed 7628K, reserved 1048576K
}
Event: 272.001 GC heap after
{Heap after GC invocations=151 (full 4):
 garbage-first heap   total 142336K, used 62637K [0x00000000f0000000, 0x0000000100000000)
  region size 1024K, 2 young (2048K), 2 survivors (2048K)
 Metaspace       used 47685K, capacity 50853K, committed 51324K, reserved 1093632K
  class space    used 6353K, capacity 7450K, committed 7628K, reserved 1048576K
}
Event: 272.434 GC heap before
{Heap before GC invocations=152 (full 4):
 garbage-first heap   total 142336K, used 75949K [0x00000000f0000000, 0x0000000100000000)
  region size 1024K, 4 young (4096K), 2 survivors (2048K)
 Metaspace       used 47692K, capacity 50853K, committed 51324K, reserved 1093632K
  class space    used 6353K, capacity 7450K, committed 7628K, reserved 1048576K
}
Event: 272.438 GC heap after
{Heap after GC invocations=153 (full 4):
 garbage-first heap   total 142336K, used 62528K [0x00000000f0000000, 0x0000000100000000)
  region size 1024K, 2 young (2048K), 2 survivors (2048K)
 Metaspace       used 47692K, capacity 50853K, committed 51324K, reserved 1093632K
  class space    used 6353K, capacity 7450K, committed 7628K, reserved 1048576K
}
Event: 274.346 GC heap before
{Heap before GC invocations=154 (full 4):
 garbage-first heap   total 142336K, used 66624K [0x00000000f0000000, 0x0000000100000000)
  region size 1024K, 6 young (6144K), 2 survivors (2048K)
 Metaspace       used 47703K, capacity 50853K, committed 51324K, reserved 1093632K
  class space    used 6353K, capacity 7450K, committed 7628K, reserved 1048576K
}
Event: 274.349 GC heap after
{Heap after GC invocations=155 (full 4):
 garbage-first heap   total 142336K, used 62569K [0x00000000f0000000, 0x0000000100000000)
  region size 1024K, 1 young (1024K), 1 survivors (1024K)
 Metaspace       used 47703K, capacity 50853K, committed 51324K, reserved 1093632K
  class space    used 6353K, capacity 7450K, committed 7628K, reserved 1048576K
}
Event: 276.444 GC heap before
{Heap before GC invocations=156 (full 4):
 garbage-first heap   total 152576K, used 93289K [0x00000000f0000000, 0x0000000100000000)
  region size 1024K, 8 young (8192K), 1 survivors (1024K)
 Metaspace       used 47706K, capacity 50853K, committed 51324K, reserved 1093632K
  class space    used 6353K, capacity 7450K, committed 7628K, reserved 1048576K
}
Event: 276.447 GC heap after
{Heap after GC invocations=157 (full 4):
 garbage-first heap   total 152576K, used 62597K [0x00000000f0000000, 0x0000000100000000)
  region size 1024K, 1 young (1024K), 1 survivors (1024K)
 Metaspace       used 47706K, capacity 50853K, committed 51324K, reserved 1093632K
  class space    used 6353K, capacity 7450K, committed 7628K, reserved 1048576K
}
Event: 286.582 GC heap before
{Heap before GC invocations=158 (full 4):
 garbage-first heap   total 152576K, used 72837K [0x00000000f0000000, 0x0000000100000000)
  region size 1024K, 8 young (8192K), 1 survivors (1024K)
 Metaspace       used 47734K, capacity 50917K, committed 51324K, reserved 1093632K
  class space    used 6353K, capacity 7450K, committed 7628K, reserved 1048576K
}
Event: 286.584 GC heap after
{Heap after GC invocations=159 (full 4):
 garbage-first heap   total 152576K, used 62597K [0x00000000f0000000, 0x0000000100000000)
  region size 1024K, 1 young (1024K), 1 survivors (1024K)
 Metaspace       used 47734K, capacity 50917K, committed 51324K, reserved 1093632K
  class space    used 6353K, capacity 7450K, committed 7628K, reserved 1048576K
}
Event: 294.689 GC heap before
{Heap before GC invocations=160 (full 4):
 garbage-first heap   total 152576K, used 70789K [0x00000000f0000000, 0x0000000100000000)
  region size 1024K, 6 young (6144K), 1 survivors (1024K)
 Metaspace       used 47743K, capacity 50981K, committed 51580K, reserved 1093632K
  class space    used 6353K, capacity 7450K, committed 7628K, reserved 1048576K
}
Event: 294.691 GC heap after
{Heap after GC invocations=161 (full 4):
 garbage-first heap   total 152576K, used 62607K [0x00000000f0000000, 0x0000000100000000)
  region size 1024K, 1 young (1024K), 1 survivors (1024K)
 Metaspace       used 47743K, capacity 50981K, committed 51580K, reserved 1093632K
  class space    used 6353K, capacity 7450K, committed 7628K, reserved 1048576K
}
Event: 295.960 GC heap before
{Heap before GC invocations=162 (full 4):
 garbage-first heap   total 152576K, used 64655K [0x00000000f0000000, 0x0000000100000000)
  region size 1024K, 3 young (3072K), 1 survivors (1024K)
 Metaspace       used 47743K, capacity 50981K, committed 51580K, reserved 1093632K
  class space    used 6353K, capacity 7450K, committed 7628K, reserved 1048576K
}
Event: 295.963 GC heap after
{Heap after GC invocations=163 (full 4):
 garbage-first heap   total 152576K, used 62607K [0x00000000f0000000, 0x0000000100000000)
  region size 1024K, 1 young (1024K), 1 survivors (1024K)
 Metaspace       used 47743K, capacity 50981K, committed 51580K, reserved 1093632K
  class space    used 6353K, capacity 7450K, committed 7628K, reserved 1048576K
}

