# JRE version: Java(TM) SE Runtime Environment (13.0+33) (build 13+33)
# Java VM: Java HotSpot(TM) 64-Bit Server VM (13+33, mixed mode, sharing, tiered, compressed oops, g1 gc, windows-amd64)
Heap:
 garbage-first heap   total 128000K, used 65192K [0x00000000f0000000, 0x0000000100000000)
  region size 1024K, 2 young (2048K), 1 survivors (1024K)
 Metaspace       used 49067K, capacity 52314K, committed 52656K, reserved 1093632K
  class space    used 6665K, capacity 7803K, committed 7936K, reserved 1048576K
GC Heap History (20 events):
Event: 398.497 GC heap before
{Heap before GC invocations=167 (full 4):
 garbage-first heap   total 94208K, used 67533K [0x00000000f0000000, 0x0000000100000000)
  region size 1024K, 15 young (15360K), 2 survivors (2048K)
 Metaspace       used 48873K, capacity 52184K, committed 52656K, reserved 1093632K
  class space    used 6665K, capacity 7803K, committed 7936K, reserved 1048576K
}
Event: 398.501 GC heap after
{Heap after GC invocations=168 (full 4):
 garbage-first heap   total 94208K, used 56989K [0x00000000f0000000, 0x0000000100000000)
  region size 1024K, 2 young (2048K), 2 survivors (2048K)
 Metaspace       used 48873K, capacity 52184K, committed 52656K, reserved 1093632K
  class space    used 6665K, capacity 7803K, committed 7936K, reserved 1048576K
}
Event: 398.851 GC heap before
{Heap before GC invocations=169 (full 4):
 garbage-first heap   total 97280K, used 69277K [0x00000000f0000000, 0x0000000100000000)
  region size 1024K, 15 young (15360K), 2 survivors (2048K)
 Metaspace       used 48883K, capacity 52184K, committed 52656K, reserved 1093632K
  class space    used 6665K, capacity 7803K, committed 7936K, reserved 1048576K
}
Event: 398.857 GC heap after
{Heap after GC invocations=170 (full 4):
 garbage-first heap   total 97280K, used 59970K [0x00000000f0000000, 0x0000000100000000)
  region size 1024K, 2 young (2048K), 2 survivors (2048K)
 Metaspace       used 48883K, capacity 52184K, committed 52656K, reserved 1093632K
  class space    used 6665K, capacity 7803K, committed 7936K, reserved 1048576K
}
Event: 399.768 GC heap before
{Heap before GC invocations=170 (full 4):
 garbage-first heap   total 97280K, used 62018K [0x00000000f0000000, 0x0000000100000000)
  region size 1024K, 4 young (4096K), 2 survivors (2048K)
 Metaspace       used 48887K, capacity 52184K, committed 52656K, reserved 1093632K
  class space    used 6665K, capacity 7803K, committed 7936K, reserved 1048576K
}
Event: 399.777 GC heap after
{Heap after GC invocations=171 (full 4):
 garbage-first heap   total 97280K, used 52819K [0x00000000f0000000, 0x0000000100000000)
  region size 1024K, 1 young (1024K), 1 survivors (1024K)
 Metaspace       used 48887K, capacity 52184K, committed 52656K, reserved 1093632K
  class space    used 6665K, capacity 7803K, committed 7936K, reserved 1048576K
}
Event: 411.923 GC heap before
{Heap before GC invocations=171 (full 4):
 garbage-first heap   total 97280K, used 68179K [0x00000000f0000000, 0x0000000100000000)
  region size 1024K, 17 young (17408K), 1 survivors (1024K)
 Metaspace       used 48906K, capacity 52184K, committed 52656K, reserved 1093632K
  class space    used 6665K, capacity 7803K, committed 7936K, reserved 1048576K
}
Event: 411.927 GC heap after
{Heap after GC invocations=172 (full 4):
 garbage-first heap   total 97280K, used 52703K [0x00000000f0000000, 0x0000000100000000)
  region size 1024K, 1 young (1024K), 1 survivors (1024K)
 Metaspace       used 48906K, capacity 52184K, committed 52656K, reserved 1093632K
  class space    used 6665K, capacity 7803K, committed 7936K, reserved 1048576K
}
Event: 430.111 GC heap before
{Heap before GC invocations=173 (full 4):
 garbage-first heap   total 97280K, used 69087K [0x00000000f0000000, 0x0000000100000000)
  region size 1024K, 18 young (18432K), 1 survivors (1024K)
 Metaspace       used 48961K, capacity 52184K, committed 52656K, reserved 1093632K
  class space    used 6665K, capacity 7803K, committed 7936K, reserved 1048576K
}
Event: 430.112 GC heap after
{Heap after GC invocations=174 (full 4):
 garbage-first heap   total 97280K, used 52972K [0x00000000f0000000, 0x0000000100000000)
  region size 1024K, 1 young (1024K), 1 survivors (1024K)
 Metaspace       used 48961K, capacity 52184K, committed 52656K, reserved 1093632K
  class space    used 6665K, capacity 7803K, committed 7936K, reserved 1048576K
}
Event: 434.154 GC heap before
{Heap before GC invocations=174 (full 4):
 garbage-first heap   total 97280K, used 56044K [0x00000000f0000000, 0x0000000100000000)
  region size 1024K, 4 young (4096K), 1 survivors (1024K)
 Metaspace       used 48994K, capacity 52184K, committed 52656K, reserved 1093632K
  class space    used 6665K, capacity 7803K, committed 7936K, reserved 1048576K
}
Event: 434.167 GC heap after
{Heap after GC invocations=175 (full 4):
 garbage-first heap   total 97280K, used 49250K [0x00000000f0000000, 0x0000000100000000)
  region size 1024K, 1 young (1024K), 1 survivors (1024K)
 Metaspace       used 48994K, capacity 52184K, committed 52656K, reserved 1093632K
  class space    used 6665K, capacity 7803K, committed 7936K, reserved 1048576K
}
Event: 441.084 GC heap before
{Heap before GC invocations=175 (full 4):
 garbage-first heap   total 97280K, used 57442K [0x00000000f0000000, 0x0000000100000000)
  region size 1024K, 10 young (10240K), 1 survivors (1024K)
 Metaspace       used 49011K, capacity 52184K, committed 52656K, reserved 1093632K
  class space    used 6665K, capacity 7803K, committed 7936K, reserved 1048576K
}
Event: 441.090 GC heap after
{Heap after GC invocations=176 (full 4):
 garbage-first heap   total 97280K, used 49732K [0x00000000f0000000, 0x0000000100000000)
  region size 1024K, 1 young (1024K), 1 survivors (1024K)
 Metaspace       used 49011K, capacity 52184K, committed 52656K, reserved 1093632K
  class space    used 6665K, capacity 7803K, committed 7936K, reserved 1048576K
}
Event: 443.755 GC heap before
{Heap before GC invocations=177 (full 4):
 garbage-first heap   total 97280K, used 58948K [0x00000000f0000000, 0x0000000100000000)
  region size 1024K, 6 young (6144K), 1 survivors (1024K)
 Metaspace       used 49017K, capacity 52185K, committed 52656K, reserved 1093632K
  class space    used 6665K, capacity 7803K, committed 7936K, reserved 1048576K
}
Event: 443.759 GC heap after
{Heap after GC invocations=178 (full 4):
 garbage-first heap   total 97280K, used 54941K [0x00000000f0000000, 0x0000000100000000)
  region size 1024K, 1 young (1024K), 1 survivors (1024K)
 Metaspace       used 49017K, capacity 52185K, committed 52656K, reserved 1093632K
  class space    used 6665K, capacity 7803K, committed 7936K, reserved 1048576K
}
Event: 458.032 GC heap before
{Heap before GC invocations=179 (full 4):
 garbage-first heap   total 128000K, used 89757K [0x00000000f0000000, 0x0000000100000000)
  region size 1024K, 16 young (16384K), 1 survivors (1024K)
 Metaspace       used 49059K, capacity 52314K, committed 52656K, reserved 1093632K
  class space    used 6665K, capacity 7803K, committed 7936K, reserved 1048576K
}
Event: 458.034 GC heap after
{Heap after GC invocations=180 (full 4):
 garbage-first heap   total 128000K, used 60065K [0x00000000f0000000, 0x0000000100000000)
  region size 1024K, 1 young (1024K), 1 survivors (1024K)
 Metaspace       used 49059K, capacity 52314K, committed 52656K, reserved 1093632K
  class space    used 6665K, capacity 7803K, committed 7936K, reserved 1048576K
}
Event: 461.191 GC heap before
{Heap before GC invocations=180 (full 4):
 garbage-first heap   total 128000K, used 61089K [0x00000000f0000000, 0x0000000100000000)
  region size 1024K, 4 young (4096K), 1 survivors (1024K)
 Metaspace       used 49066K, capacity 52314K, committed 52656K, reserved 1093632K
  class space    used 6665K, capacity 7803K, committed 7936K, reserved 1048576K
}
Event: 461.197 GC heap after
{Heap after GC invocations=181 (full 4):
 garbage-first heap   total 128000K, used 60072K [0x00000000f0000000, 0x0000000100000000)
  region size 1024K, 1 young (1024K), 1 survivors (1024K)
 Metaspace       used 49066K, capacity 52314K, committed 52656K, reserved 1093632K
  class space    used 6665K, capacity 7803K, committed 7936K, reserved 1048576K
}

